.. Command: /opt/coe/synopsys/zebu/Q-2020.03-SP1-4/bin/tracean3.py --top-delay=5 --syn-details=5 --pr-summary-by-time=5 --hhmm --local-time=detect --show-memory --fix-graph --cpu-time /home/faculty/d/davidkebo/davidkebo/csce689/labs/lab-3-solution/zebu/zcui.work
.. Reading /home/faculty/d/davidkebo/davidkebo/csce689/labs/lab-3-solution/zebu/zcui.work/zCui/backup/backend_default_23_4_19_01_04_14/prof/tracerun.cui ...
.. Detected --work=/home/faculty/d/davidkebo/davidkebo/csce689/labs/lab3-davidkebo/zebu/zcui.work/.
.. Detected --submit-host=csce-quinn-s1.engr.tamu.edu
.. Detected local time offset of -5.0 hours
.. The first backend_default_23_4_19_01_04_14 task started at Wed, 19 Apr 2023 06:04:17 UTC
.. Reading /home/faculty/d/davidkebo/davidkebo/csce689/labs/lab-3-solution/zebu/zcui.work/zCui/backup/backend_default_24_4_3_06_21_57/prof/tracerun.cui ...
Traceback (most recent call last):
  File "/opt/coe/synopsys/zebu/Q-2020.03-SP1-4/bin/tracean3.py", line 5907, in <module>
    main()
  File "/opt/coe/synopsys/zebu/Q-2020.03-SP1-4/bin/tracean3.py", line 5854, in main
    IncrementalReport(dirName)
  File "/opt/coe/synopsys/zebu/Q-2020.03-SP1-4/bin/tracean3.py", line 5758, in IncrementalReport
    xdl = ReadExecDataList(dirName, incrCache, continueIfEmpty = True)
  File "/opt/coe/synopsys/zebu/Q-2020.03-SP1-4/bin/tracean3.py", line 5321, in ReadExecDataList
    if not xdl.readExecData(dirName, TRACERUN_DIGEST, incrCache, continueIfEmpty):
  File "/opt/coe/synopsys/zebu/Q-2020.03-SP1-4/bin/tracean3.py", line 1571, in readExecData
    td.completeObjectConstruction(self.__hostDict)
  File "/opt/coe/synopsys/zebu/Q-2020.03-SP1-4/bin/tracean3.py", line 886, in completeObjectConstruction
    assert tmp.startswith(ZCUI_COMMAND_PREFIX), self.cmdArgs
AssertionError: ['/bin/sh', '/home/faculty/d/davidkebo/davidkebo/csce689/labs/lab-3-solution/zebu/zcui.work/./zCui/com/design_Fs_Macro_command.sh']
command exit code is '0'
